GL_LOG_FILE log. local time Tue May 21 10:11:40 2019

Starting GLFW
3.4.0 Cocoa NSGL EGL OSMesa

GL Context Params:
GL_MAX_COMBINED_TEXTURE_IMAGE_UNITS 80
GL_MAX_CUBE_MAP_TEXTURE_SIZE 16384
GL_MAX_DRAW_BUFFERS 8
GL_MAX_FRAGMENT_UNIFORM_COMPONENTS 3072
GL_MAX_TEXTURE_IMAGE_UNITS 16
GL_MAX_TEXTURE_SIZE 16384
GL_MAX_VARYING_FLOATS 0
GL_MAX_VERTEX_ATTRIBS 16
GL_MAX_VERTEX_TEXTURE_IMAGE_UNITS 16
GL_MAX_VERTEX_UNIFORM_COMPONENTS 3072
GL_MAX_VIEWPORT_DIMS 16384 16384
GL_STEREO 0
-----------------------------

--------------------
Shader program 3 info:
GL_LINK_STATUS = 1
GL_ATTACHED_SHADERS = 2
GL_ACTIVE_ATTRIBUTES = 3
  0) type:vec3 name:aPos location:0
  1) type:vec2 name:aTexCoord location:2
  2) type:vec4 name:aColor location:1
GL_ACTIVE_UNIFORMS = 4
  0) type:mat4 name:projection location:0
  1) type:mat4 name:model location:4
  2) type:sampler2D name:texture1 location:8
  3) type:mat4 name:view location:9
program info log for GL index 3:
